<?xml version="1.0" encoding="UTF-8"?>
<testng-results skipped="0" failed="0" total="1" passed="1">
  <reporter-output>
  </reporter-output>
  <suite name="Default suite" duration-ms="1592" started-at="2014-12-22T07:01:58Z" finished-at="2014-12-22T07:02:00Z">
    <groups>
    </groups>
    <test name="Default test" duration-ms="1592" started-at="2014-12-22T07:01:58Z" finished-at="2014-12-22T07:02:00Z">
      <class name="testCases.MonthlyEMICalc">
        <test-method status="PASS" signature="testapp()[pri:0, instance:testCases.MonthlyEMICalc@1c77f54]" name="testapp" duration-ms="1545" started-at="2014-12-22T12:31:58Z" finished-at="2014-12-22T12:32:00Z">
          <reporter-output>
          </reporter-output>
        </test-method> <!-- testapp -->
      </class> <!-- testCases.MonthlyEMICalc -->
    </test> <!-- Default test -->
  </suite> <!-- Default suite -->
</testng-results>
